Using pre-set license
Built from '2020.3/staging' branch; Version is '2020.3.18f1 (a7d1c678663c) revision 10998214'; Using compiler version '192528614'; Build Type 'Release'
OS: 'Windows 10 Home; OS build 19042.1348; Version 2009; 64bit' Language: 'nl' Physical Memory: 8047 MB
BatchMode: 1, IsHumanControllingUs: 0, StartBugReporterOnCrash: 0, Is64bit: 1, IsPro: 0

COMMAND LINE ARGUMENTS:
C:\Program Files\Unity\Hub\Editor\2020.3.18f1\Editor\Unity.exe
-adb2
-batchMode
-noUpm
-name
AssetImportWorker0
-projectPath
D:/AP/Jaar4/VR Experience/Week 8/jumper-assignment-Jaem123/Jumper
-logFile
Logs/AssetImportWorker0.log
-srvPort
59569
Successfully changed project path to: D:/AP/Jaar4/VR Experience/Week 8/jumper-assignment-Jaem123/Jumper
D:/AP/Jaar4/VR Experience/Week 8/jumper-assignment-Jaem123/Jumper
Using Asset Import Pipeline V2.
Refreshing native plugins compatible for Editor in 244.58 ms, found 2 plugins.
Preloading 0 native plugins for Editor in 0.00 ms.
Initialize engine version: 2020.3.18f1 (a7d1c678663c)
[Subsystems] Discovering subsystems at path C:/Program Files/Unity/Hub/Editor/2020.3.18f1/Editor/Data/Resources/UnitySubsystems
[Subsystems] Discovering subsystems at path D:/AP/Jaar4/VR Experience/Week 8/jumper-assignment-Jaem123/Jumper/Assets
GfxDevice: creating device client; threaded=0
Direct3D:
    Version:  Direct3D 11.0 [level 11.1]
    Renderer: NVIDIA GeForce GTX 1050 Ti (ID=0x1c8c)
    Vendor:   
    VRAM:     4021 MB
    Driver:   27.21.14.5751
Initialize mono
Mono path[0] = 'C:/Program Files/Unity/Hub/Editor/2020.3.18f1/Editor/Data/Managed'
Mono path[1] = 'C:/Program Files/Unity/Hub/Editor/2020.3.18f1/Editor/Data/MonoBleedingEdge/lib/mono/unityjit'
Mono config path = 'C:/Program Files/Unity/Hub/Editor/2020.3.18f1/Editor/Data/MonoBleedingEdge/etc'
Using monoOptions --debugger-agent=transport=dt_socket,embedding=1,server=y,suspend=n,address=127.0.0.1:56660
Begin MonoManager ReloadAssembly
Registering precompiled unity dll's ...
Register platform support module: C:/Program Files/Unity/Hub/Editor/2020.3.18f1/Editor/Data/PlaybackEngines/WebGLSupport/UnityEditor.WebGL.Extensions.dll
Register platform support module: C:/Program Files/Unity/Hub/Editor/2020.3.18f1/Editor/Data/PlaybackEngines/WindowsStandaloneSupport/UnityEditor.WindowsStandalone.Extensions.dll
Registered in 0.009640 seconds.
Native extension for WindowsStandalone target not found
Native extension for WebGL target not found
Refreshing native plugins compatible for Editor in 35.51 ms, found 2 plugins.
Preloading 0 native plugins for Editor in 0.00 ms.
Mono: successfully reloaded assembly
- Completed reload, in  3.886 seconds
Domain Reload Profiling:
	ReloadAssembly (3886ms)
		BeginReloadAssembly (71ms)
			ExecutionOrderSort (0ms)
			DisableScriptedObjects (0ms)
			BackupInstance (0ms)
			ReleaseScriptingObjects (0ms)
			CreateAndSetChildDomain (3ms)
		EndReloadAssembly (719ms)
			LoadAssemblies (66ms)
			RebuildTransferFunctionScriptingTraits (1ms)
			SetupTypeCache (247ms)
			ReleaseScriptCaches (0ms)
			RebuildScriptCaches (37ms)
			SetupLoadedEditorAssemblies (335ms)
				LogAssemblyErrors (0ms)
				InitializePlatformSupportModulesInManaged (5ms)
				SetLoadedEditorAssemblies (0ms)
				RefreshPlugins (36ms)
				BeforeProcessingInitializeOnLoad (13ms)
				ProcessInitializeOnLoadAttributes (144ms)
				ProcessInitializeOnLoadMethodAttributes (137ms)
				AfterProcessingInitializeOnLoad (0ms)
				EditorAssembliesLoaded (1ms)
			ExecutionOrderSort2 (0ms)
			AwakeInstancesAfterBackupRestoration (0ms)
Platform modules already initialized, skipping
Registering precompiled user dll's ...
Registered in 0.155758 seconds.
Begin MonoManager ReloadAssembly
Native extension for WindowsStandalone target not found
Native extension for WebGL target not found
Refreshing native plugins compatible for Editor in 0.34 ms, found 2 plugins.
Preloading 0 native plugins for Editor in 0.00 ms.
Mono: successfully reloaded assembly
- Completed reload, in  2.052 seconds
Domain Reload Profiling:
	ReloadAssembly (2056ms)
		BeginReloadAssembly (263ms)
			ExecutionOrderSort (0ms)
			DisableScriptedObjects (6ms)
			BackupInstance (0ms)
			ReleaseScriptingObjects (0ms)
			CreateAndSetChildDomain (29ms)
		EndReloadAssembly (1708ms)
			LoadAssemblies (657ms)
			RebuildTransferFunctionScriptingTraits (0ms)
			SetupTypeCache (337ms)
			ReleaseScriptCaches (0ms)
			RebuildScriptCaches (64ms)
			SetupLoadedEditorAssemblies (535ms)
				LogAssemblyErrors (0ms)
				InitializePlatformSupportModulesInManaged (8ms)
				SetLoadedEditorAssemblies (1ms)
				RefreshPlugins (0ms)
				BeforeProcessingInitializeOnLoad (74ms)
				ProcessInitializeOnLoadAttributes (437ms)
				ProcessInitializeOnLoadMethodAttributes (4ms)
				AfterProcessingInitializeOnLoad (10ms)
				EditorAssembliesLoaded (0ms)
			ExecutionOrderSort2 (0ms)
			AwakeInstancesAfterBackupRestoration (8ms)
Platform modules already initialized, skipping
========================================================================
Worker process is ready to serve import requests
Launched and connected shader compiler UnityShaderCompiler.exe after 0.13 seconds
Refreshing native plugins compatible for Editor in 0.40 ms, found 2 plugins.
Preloading 0 native plugins for Editor in 0.00 ms.
Unloading 1396 Unused Serialized files (Serialized files now loaded: 0)
System memory in use before: 64.8 MB.
System memory in use after: 64.9 MB.

Unloading 16 unused Assets to reduce memory usage. Loaded Objects now: 1831.
Total: 3.411400 ms (FindLiveObjects: 0.165100 ms CreateObjectMapping: 0.054700 ms MarkObjects: 3.098200 ms  DeleteObjects: 0.092200 ms)

AssetImportParameters requested are different than current active one (requested -> active):
  custom:framework-win-MediaFoundation: 216162199b28c13a410421893ffa2e32 -> 
  custom:video-decoder-ogg-theora: a1e56fd34408186e4bbccfd4996cb3dc -> 
  custom:container-muxer-webm: aa71ff27fc2769a1b78a27578f13a17b -> 
  custom:container-demuxer-webm: 4f35f7cbe854078d1ac9338744f61a02 -> 
  custom:container-demuxer-ogg: 62fdf1f143b41e24485cea50d1cbac27 -> 
  custom:video-encoder-webm-vp8: eb34c28f22e8b96e1ab97ce403110664 -> 
  custom:video-codec-MediaFoundation-h265: 746d11721c4dcdbdad8f713fa42b33f4 -> 
  custom:video-decoder-webm-vp8: 9c59270c3fd7afecdb556c50c9e8de78 -> 
  custom:audio-decoder-ogg-vorbis: bf7c407c2cedff20999df2af8eb42d56 -> 
  custom:audio-encoder-webm-vorbis: bf7c407c2cedff20999df2af8eb42d56 -> 
========================================================================
Received Import Request.
  path: Assets/Scenes/Jumper.unity
  artifactKey: Guid(9fc0d4010bbf28b4594072e72b8655ab) Importer(815301076,1909f56bfc062723c751e8b465ee728b)
Start importing Assets/Scenes/Jumper.unity using Guid(9fc0d4010bbf28b4594072e72b8655ab) Importer(815301076,1909f56bfc062723c751e8b465ee728b)  -> (artifact id: '9e03c6e25ce35519817ef3a94fbdd084') in 0.024331 seconds 
  Import took 0.057103 seconds .

========================================================================
Received Import Request.
  Time since last request: 50.867840 seconds.
  path: Assets
  artifactKey: Guid(00000000000000001000000000000000) Importer(815301076,1909f56bfc062723c751e8b465ee728b)
Start importing Assets using Guid(00000000000000001000000000000000) Importer(815301076,1909f56bfc062723c751e8b465ee728b)  -> (artifact id: '42d402b061de3733987d63b9cc3b64de') in 0.012096 seconds 
  Import took 0.114250 seconds .

========================================================================
Received Import Request.
  Time since last request: 8.100817 seconds.
  path: Assets/Materials
  artifactKey: Guid(8b54b596d86e2d04f8fe373b46eec7d3) Importer(815301076,1909f56bfc062723c751e8b465ee728b)
Start importing Assets/Materials using Guid(8b54b596d86e2d04f8fe373b46eec7d3) Importer(815301076,1909f56bfc062723c751e8b465ee728b)  -> (artifact id: '7281f5d4b73f63aec53b32c49d34d5a4') in 0.013628 seconds 
  Import took 0.031401 seconds .

========================================================================
Received Import Request.
  Time since last request: 11.429265 seconds.
  path: Assets/Materials/PlaneGreen.mat
  artifactKey: Guid(e3a0a34989195d7409650c1f30e26b91) Importer(815301076,1909f56bfc062723c751e8b465ee728b)
Start importing Assets/Materials/PlaneGreen.mat using Guid(e3a0a34989195d7409650c1f30e26b91) Importer(815301076,1909f56bfc062723c751e8b465ee728b)  -> (artifact id: '90db427d7a4aa36ac78bcb48dcf84465') in 0.235678 seconds 
  Import took 0.291127 seconds .

========================================================================
Received Import Request.
  Time since last request: 370.106087 seconds.
  path: Assets/Materials/BadRed.mat
  artifactKey: Guid(60aba6c47a666c54d8f3018cd3c8e8c6) Importer(815301076,1909f56bfc062723c751e8b465ee728b)
Start importing Assets/Materials/BadRed.mat using Guid(60aba6c47a666c54d8f3018cd3c8e8c6) Importer(815301076,1909f56bfc062723c751e8b465ee728b)  -> (artifact id: 'e462e0088e6511035ac30c0470deff2e') in 0.058604 seconds 
  Import took 0.121276 seconds .

========================================================================
Received Import Request.
  Time since last request: 157.000309 seconds.
  path: ProjectSettings/TagManager.asset
  artifactKey: Guid(00000000000000003000000000000000) Importer(815301076,1909f56bfc062723c751e8b465ee728b)
Start importing ProjectSettings/TagManager.asset using Guid(00000000000000003000000000000000) Importer(815301076,1909f56bfc062723c751e8b465ee728b)  -> (artifact id: 'ce6a35c3cddc746e7501c0bd0ed6d4ce') in 0.029529 seconds 
  Import took 0.041486 seconds .

========================================================================
Received Import Request.
  Time since last request: 181.146002 seconds.
  path: Assets/Materials/AgentBlack.mat
  artifactKey: Guid(68496c1fa37f0fc4daa2a436a63af0bb) Importer(815301076,1909f56bfc062723c751e8b465ee728b)
Start importing Assets/Materials/AgentBlack.mat using Guid(68496c1fa37f0fc4daa2a436a63af0bb) Importer(815301076,1909f56bfc062723c751e8b465ee728b)  -> (artifact id: '5c37bef5993745eb53561493256cc078') in 0.031899 seconds 
  Import took 0.059632 seconds .

========================================================================
Received Prepare
Registering precompiled user dll's ...
Registered in 0.063199 seconds.
Begin MonoManager ReloadAssembly
Native extension for WindowsStandalone target not found
Native extension for WebGL target not found
Refreshing native plugins compatible for Editor in 52.48 ms, found 3 plugins.
Preloading 0 native plugins for Editor in 0.00 ms.
Mono: successfully reloaded assembly
- Completed reload, in  7.660 seconds
Domain Reload Profiling:
	ReloadAssembly (7662ms)
		BeginReloadAssembly (525ms)
			ExecutionOrderSort (0ms)
			DisableScriptedObjects (16ms)
			BackupInstance (0ms)
			ReleaseScriptingObjects (0ms)
			CreateAndSetChildDomain (130ms)
		EndReloadAssembly (6714ms)
			LoadAssemblies (2508ms)
			RebuildTransferFunctionScriptingTraits (0ms)
			SetupTypeCache (932ms)
			ReleaseScriptCaches (1ms)
			RebuildScriptCaches (66ms)
			SetupLoadedEditorAssemblies (3209ms)
				LogAssemblyErrors (0ms)
				InitializePlatformSupportModulesInManaged (7ms)
				SetLoadedEditorAssemblies (0ms)
				RefreshPlugins (53ms)
				BeforeProcessingInitializeOnLoad (93ms)
				ProcessInitializeOnLoadAttributes (3041ms)
				ProcessInitializeOnLoadMethodAttributes (5ms)
				AfterProcessingInitializeOnLoad (11ms)
				EditorAssembliesLoaded (0ms)
			ExecutionOrderSort2 (0ms)
			AwakeInstancesAfterBackupRestoration (11ms)
Platform modules already initialized, skipping
Refreshing native plugins compatible for Editor in 0.55 ms, found 3 plugins.
Preloading 0 native plugins for Editor in 0.00 ms.
Unloading 1852 Unused Serialized files (Serialized files now loaded: 0)
System memory in use before: 90.0 MB.
System memory in use after: 90.1 MB.

Unloading 25 unused Assets to reduce memory usage. Loaded Objects now: 2322.
Total: 3.668200 ms (FindLiveObjects: 0.241100 ms CreateObjectMapping: 0.074000 ms MarkObjects: 3.329800 ms  DeleteObjects: 0.022200 ms)

AssetImportParameters requested are different than current active one (requested -> active):
  custom:framework-win-MediaFoundation: 216162199b28c13a410421893ffa2e32 -> 
  custom:video-decoder-ogg-theora: a1e56fd34408186e4bbccfd4996cb3dc -> 
  custom:container-muxer-webm: aa71ff27fc2769a1b78a27578f13a17b -> 
  custom:container-demuxer-webm: 4f35f7cbe854078d1ac9338744f61a02 -> 
  custom:container-demuxer-ogg: 62fdf1f143b41e24485cea50d1cbac27 -> 
  custom:video-encoder-webm-vp8: eb34c28f22e8b96e1ab97ce403110664 -> 
  custom:video-codec-MediaFoundation-h265: 746d11721c4dcdbdad8f713fa42b33f4 -> 
  custom:video-decoder-webm-vp8: 9c59270c3fd7afecdb556c50c9e8de78 -> 
  custom:audio-decoder-ogg-vorbis: bf7c407c2cedff20999df2af8eb42d56 -> 
  custom:audio-encoder-webm-vorbis: bf7c407c2cedff20999df2af8eb42d56 -> 
========================================================================
Received Import Request.
  Time since last request: 552.789602 seconds.
  path: Assets/Materials/AgentBlack.mat
  artifactKey: Guid(68496c1fa37f0fc4daa2a436a63af0bb) Importer(815301076,1909f56bfc062723c751e8b465ee728b)
Start importing Assets/Materials/AgentBlack.mat using Guid(68496c1fa37f0fc4daa2a436a63af0bb) Importer(815301076,1909f56bfc062723c751e8b465ee728b)  -> (artifact id: 'e99149a97a9adff5e58a0651de1603a4') in 0.141448 seconds 
  Import took 0.152007 seconds .

========================================================================
Received Import Request.
  Time since last request: 0.000354 seconds.
  path: Assets/Materials/PlaneGreen.mat
  artifactKey: Guid(e3a0a34989195d7409650c1f30e26b91) Importer(815301076,1909f56bfc062723c751e8b465ee728b)
Start importing Assets/Materials/PlaneGreen.mat using Guid(e3a0a34989195d7409650c1f30e26b91) Importer(815301076,1909f56bfc062723c751e8b465ee728b)  -> (artifact id: 'd0b4b39ac97470c1cdb4f7f729e6842e') in 0.039975 seconds 
  Import took 0.048047 seconds .

========================================================================
Received Import Request.
  Time since last request: 0.000730 seconds.
  path: Assets/Materials/BadRed.mat
  artifactKey: Guid(60aba6c47a666c54d8f3018cd3c8e8c6) Importer(815301076,1909f56bfc062723c751e8b465ee728b)
Start importing Assets/Materials/BadRed.mat using Guid(60aba6c47a666c54d8f3018cd3c8e8c6) Importer(815301076,1909f56bfc062723c751e8b465ee728b)  -> (artifact id: 'ee78f488117af14a4aa7a19b99ec5428') in 0.036906 seconds 
  Import took 0.043258 seconds .

========================================================================
Received Import Request.
  Time since last request: 130.490181 seconds.
  path: Assets/Materials/WallBrown.mat
  artifactKey: Guid(7edff114a7119d947bfae874983caead) Importer(815301076,1909f56bfc062723c751e8b465ee728b)
Start importing Assets/Materials/WallBrown.mat using Guid(7edff114a7119d947bfae874983caead) Importer(815301076,1909f56bfc062723c751e8b465ee728b)  -> (artifact id: '751ea86a63f1011510abce22c6dd30bc') in 0.027099 seconds 
  Import took 0.032575 seconds .

